<?xml version="1.0" encoding="UTF-8"?>
<!-- Generated by org.testng.reporters.JUnitReportReporter -->
<testsuite hostname="gg-PC" name="course_learning.Learning" tests="1" failures="0" timestamp="26 Jan 2018 08:01:11 GMT" time="43.056" errors="0">
  <testcase name="raimn" time="43.056" classname="course_learning.Learning"/>
</testsuite> <!-- course_learning.Learning -->
