<?xml version="1.0" encoding="UTF-8"?>
<!-- Generated by org.testng.reporters.JUnitReportReporter -->
<testsuite hostname="gg-PC" name="Backup_Course.publish_bcourse" tests="1" failures="0" timestamp="26 Jan 2018 08:01:11 GMT" time="24.516" errors="0">
  <testcase name="read_beker" time="24.516" classname="Backup_Course.publish_bcourse"/>
</testsuite> <!-- Backup_Course.publish_bcourse -->
