<?xml version="1.0" encoding="UTF-8"?>
<!-- Generated by org.testng.reporters.JUnitReportReporter -->
<testsuite hostname="gg-PC" name="Vedio.UploadVedio" tests="1" failures="0" timestamp="26 Jan 2018 08:01:11 GMT" time="56.236" errors="0">
  <testcase name="upVedio" time="56.236" classname="Vedio.UploadVedio"/>
</testsuite> <!-- Vedio.UploadVedio -->
