<?xml version="1.0" encoding="UTF-8"?>
<!-- Generated by org.testng.reporters.JUnitReportReporter -->
<testsuite hostname="gg-PC" name="Activity.Publish_ActivitywithallStep" tests="1" failures="0" timestamp="26 Jan 2018 08:01:11 GMT" time="160.222" errors="0">
  <testcase name="publish_activity" time="160.222" classname="Activity.Publish_ActivitywithallStep"/>
</testsuite> <!-- Activity.Publish_ActivitywithallStep -->
