<?xml version="1.0" encoding="UTF-8"?>
<!-- Generated by org.testng.reporters.JUnitReportReporter -->
<testsuite hostname="gg-PC" name="task.Submit_Task" tests="1" failures="0" timestamp="26 Jan 2018 08:01:11 GMT" time="63.836" errors="0">
  <testcase name="submit_Task" time="63.836" classname="task.Submit_Task"/>
</testsuite> <!-- task.Submit_Task -->
