<?xml version="1.0" encoding="UTF-8"?>
<!-- Generated by org.testng.reporters.JUnitReportReporter -->
<testsuite hostname="gg-PC" name="NewActivity.ChengGuoZhanSi" tests="1" failures="0" timestamp="26 Jan 2018 08:01:11 GMT" time="54.585" errors="0">
  <testcase name="publishHuodong" time="54.585" classname="NewActivity.ChengGuoZhanSi"/>
</testsuite> <!-- NewActivity.ChengGuoZhanSi -->
