<?xml version="1.0" encoding="UTF-8"?>
<!-- Generated by org.testng.reporters.JUnitReportReporter -->
<testsuite hostname="gg-PC" name="Documentation_and_exchange.doc_comments" tests="1" failures="0" timestamp="26 Jan 2018 08:01:11 GMT" time="25.818" errors="0">
  <testcase name="documentComments" time="25.818" classname="Documentation_and_exchange.doc_comments"/>
</testsuite> <!-- Documentation_and_exchange.doc_comments -->
