<?xml version="1.0" encoding="UTF-8"?>
<!-- Generated by org.testng.reporters.JUnitReportReporter -->
<testsuite hostname="gg-PC" name="DeleteTesting.BeikeDeleteTest" tests="1" failures="0" timestamp="26 Jan 2018 08:01:11 GMT" time="27.026" errors="0">
  <testcase name="beike_delete" time="27.026" classname="DeleteTesting.BeikeDeleteTest"/>
</testsuite> <!-- DeleteTesting.BeikeDeleteTest -->
