<?xml version="1.0" encoding="UTF-8"?>
<!-- Generated by org.testng.reporters.JUnitReportReporter -->
<testsuite hostname="gg-PC" name="Activity.Advice_to_activity" tests="1" failures="0" timestamp="26 Jan 2018 08:01:11 GMT" time="18.850" errors="0">
  <testcase name="advice_to_activity" time="18.850" classname="Activity.Advice_to_activity"/>
</testsuite> <!-- Activity.Advice_to_activity -->
