<?xml version="1.0" encoding="UTF-8"?>
<!-- Generated by org.testng.reporters.JUnitReportReporter -->
<testsuite hostname="gg-PC" name="task.Publish_Task" tests="1" failures="0" timestamp="26 Jan 2018 08:01:11 GMT" time="66.087" errors="0">
  <testcase name="publish_Task" time="66.087" classname="task.Publish_Task"/>
</testsuite> <!-- task.Publish_Task -->
