<?xml version="1.0" encoding="UTF-8"?>
<!-- Generated by org.testng.reporters.JUnitReportReporter -->
<testsuite hostname="gg-PC" name="Mo_course.Publish_moke" tests="1" failures="0" timestamp="26 Jan 2018 08:01:11 GMT" time="26.373" errors="0">
  <testcase name="publish_moke" time="26.373" classname="Mo_course.Publish_moke"/>
</testsuite> <!-- Mo_course.Publish_moke -->
