<?xml version="1.0" encoding="UTF-8"?>
<!-- Generated by org.testng.reporters.JUnitReportReporter -->
<testsuite hostname="gg-PC" name="DeleteTesting.DiaochawenjuanDeleteTest" tests="1" failures="0" timestamp="26 Jan 2018 08:01:11 GMT" time="30.470" errors="0">
  <testcase name="diaochawenjuan_delete" time="30.470" classname="DeleteTesting.DiaochawenjuanDeleteTest"/>
</testsuite> <!-- DeleteTesting.DiaochawenjuanDeleteTest -->
