<?xml version="1.0" encoding="UTF-8"?>
<!-- Generated by org.testng.reporters.JUnitReportReporter -->
<testsuite hostname="gg-PC" name="Activity.To_joinActivity" tests="1" failures="0" timestamp="26 Jan 2018 08:01:11 GMT" time="54.516" errors="0">
  <testcase name="to_joinActivity" time="54.516" classname="Activity.To_joinActivity"/>
</testsuite> <!-- Activity.To_joinActivity -->
