<?xml version="1.0" encoding="UTF-8"?>
<!-- Generated by org.testng.reporters.JUnitReportReporter -->
<testsuite hostname="gg-PC" name="Mo_course.join_moke" tests="1" failures="0" timestamp="26 Jan 2018 08:01:11 GMT" time="19.754" errors="0">
  <testcase name="addtomoke" time="19.754" classname="Mo_course.join_moke"/>
</testsuite> <!-- Mo_course.join_moke -->
