<?xml version="1.0" encoding="UTF-8"?>
<!-- Generated by org.testng.reporters.JUnitReportReporter -->
<testsuite hostname="gg-PC" name="Backup_Course.making" tests="1" failures="0" timestamp="26 Jan 2018 08:01:11 GMT" time="18.898" errors="0">
  <testcase name="read" time="18.898" classname="Backup_Course.making"/>
</testsuite> <!-- Backup_Course.making -->
