<?xml version="1.0" encoding="UTF-8"?>
<!-- Generated by org.testng.reporters.JUnitReportReporter -->
<testsuite hostname="gg-PC" name="Documentation_and_exchange.Sent_Exchange" tests="1" failures="0" timestamp="26 Jan 2018 08:01:11 GMT" time="24.363" errors="0">
  <testcase name="sent_exchange" time="24.363" classname="Documentation_and_exchange.Sent_Exchange"/>
</testsuite> <!-- Documentation_and_exchange.Sent_Exchange -->
