<?xml version="1.0" encoding="UTF-8"?>
<!-- Generated by org.testng.reporters.JUnitReportReporter -->
<testsuite hostname="gg-PC" name="Backup_Course.Join_bCourse" tests="1" failures="0" timestamp="26 Jan 2018 08:01:11 GMT" time="25.549" errors="0">
  <testcase name="join_bCourse" time="25.549" classname="Backup_Course.Join_bCourse"/>
</testsuite> <!-- Backup_Course.Join_bCourse -->
