<?xml version="1.0" encoding="UTF-8"?>
<!-- Generated by org.testng.reporters.JUnitReportReporter -->
<testsuite hostname="gg-PC" name="Mo_course.Check_data" tests="1" failures="0" timestamp="26 Jan 2018 08:01:11 GMT" time="18.212" errors="0">
  <testcase name="check_data" time="18.212" classname="Mo_course.Check_data"/>
</testsuite> <!-- Mo_course.Check_data -->
