<?xml version="1.0" encoding="UTF-8"?>
<!-- Generated by org.testng.reporters.JUnitReportReporter -->
<testsuite hostname="chenziyang" name="ActivityAddedVoteAndEvaluate.VoteAndEvaluate" tests="1" failures="0" timestamp="11 Jan 2018 06:40:14 GMT" time="94.621" errors="0">
  <testcase name="publishActivity" time="94.621" classname="ActivityAddedVoteAndEvaluate.VoteAndEvaluate"/>
</testsuite> <!-- ActivityAddedVoteAndEvaluate.VoteAndEvaluate -->
