<?xml version="1.0" encoding="UTF-8"?>
<!-- Generated by org.testng.reporters.JUnitReportReporter -->
<testsuite hostname="chenziyang" name="DeleteTesting.BeikeDeleteTest" tests="1" failures="0" timestamp="3 Aug 2017 01:22:25 GMT" time="20.549" errors="0">
  <testcase name="beike_delete" time="20.549" classname="DeleteTesting.BeikeDeleteTest"/>
</testsuite> <!-- DeleteTesting.BeikeDeleteTest -->
