<?xml version="1.0" encoding="UTF-8"?>
<!-- Generated by org.testng.reporters.JUnitReportReporter -->
<testsuite hostname="chenziyang" name="Tongbanxiezuo.Publish_cooperation" tests="1" failures="0" timestamp="3 Aug 2017 01:22:25 GMT" time="159.221" errors="0">
  <testcase name="publish_cooperation" time="159.221" classname="Tongbanxiezuo.Publish_cooperation"/>
</testsuite> <!-- Tongbanxiezuo.Publish_cooperation -->
