<?xml version="1.0" encoding="UTF-8"?>
<!-- Generated by org.testng.reporters.JUnitReportReporter -->
<testsuite hostname="chenziyang" name="Documentation_and_exchange.doc_comments" tests="1" failures="0" timestamp="3 Aug 2017 01:34:04 GMT" time="19.387" errors="0">
  <testcase name="documentComments" time="19.387" classname="Documentation_and_exchange.doc_comments"/>
</testsuite> <!-- Documentation_and_exchange.doc_comments -->
