<?xml version="1.0" encoding="UTF-8"?>
<!-- Generated by org.testng.reporters.JUnitReportReporter -->
<testsuite hostname="chenziyang" name="live.FreeLive" tests="1" failures="0" timestamp="31 Jul 2017 08:48:47 GMT" time="24.817" errors="0">
  <testcase name="raimn" time="24.817" classname="live.FreeLive"/>
</testsuite> <!-- live.FreeLive -->
