<?xml version="1.0" encoding="UTF-8"?>
<!-- Generated by org.testng.reporters.JUnitReportReporter -->
<testsuite hostname="chenziyang" name="Mo_course.Publish_moke" tests="1" failures="0" timestamp="14 Mar 2017 09:45:19 GMT" time="14.548" errors="0">
  <testcase name="publish_moke" time="14.548" classname="Mo_course.Publish_moke"/>
</testsuite> <!-- Mo_course.Publish_moke -->
