<?xml version="1.0" encoding="UTF-8"?>
<!-- Generated by org.testng.reporters.JUnitReportReporter -->
<testsuite hostname="chenziyang" name="Activity.Datetest" tests="2" failures="0" timestamp="15 Mar 2017 06:27:07 GMT" time="0.016" errors="0">
  <testcase name="f" time="0.016" classname="Activity.Datetest"/>
  <testcase name="f" time="0.000" classname="Activity.Datetest"/>
</testsuite> <!-- Activity.Datetest -->
