<?xml version="1.0" encoding="UTF-8"?>
<!-- Generated by org.testng.reporters.JUnitReportReporter -->
<testsuite hostname="chenziyang" name="Documentation_and_exchange.take_comments" tests="2" failures="0" timestamp="14 Mar 2017 09:45:18 GMT" time="21.347" errors="0">
  <testcase name="exchange" time="12.027" classname="Documentation_and_exchange.take_comments"/>
  <testcase name="document" time="9.320" classname="Documentation_and_exchange.take_comments"/>
</testsuite> <!-- Documentation_and_exchange.take_comments -->
