<?xml version="1.0" encoding="UTF-8"?>
<!-- Generated by org.testng.reporters.JUnitReportReporter -->
<testsuite hostname="chenziyang" name="task.Submit_Task" tests="1" failures="0" timestamp="14 Mar 2017 09:45:19 GMT" time="23.388" errors="0">
  <testcase name="submit_Task" time="23.388" classname="task.Submit_Task"/>
</testsuite> <!-- task.Submit_Task -->
