<?xml version="1.0" encoding="UTF-8"?>
<!-- Generated by org.testng.reporters.JUnitReportReporter -->
<testsuite hostname="chenziyang" name="Test.tt" tests="1" failures="0" timestamp="27 Feb 2017 05:53:15 GMT" time="0.011" errors="0">
  <testcase name="TestNgLearn" time="0.011" classname="Test.tt"/>
</testsuite> <!-- Test.tt -->
