<?xml version="1.0" encoding="UTF-8"?>
<!-- Generated by org.testng.reporters.JUnitReportReporter -->
<testsuite hostname="chenziyang" name="Tongbanxiezuo.Check_data" tests="2" failures="0" timestamp="29 Mar 2017 06:39:04 GMT" time="0.002" errors="0">
  <testcase name="f" time="0.001" classname="Tongbanxiezuo.Check_data"/>
  <testcase name="f" time="0.001" classname="Tongbanxiezuo.Check_data"/>
</testsuite> <!-- Tongbanxiezuo.Check_data -->
