<?xml version="1.0" encoding="UTF-8"?>
<!-- Generated by org.testng.reporters.JUnitReportReporter -->
<testsuite hostname="chenziyang" name="Personal_center.ChangePersonalPicture" tests="1" failures="0" timestamp="11 Aug 2017 08:55:09 GMT" time="14.408" errors="0">
  <testcase name="raimn" time="14.408" classname="Personal_center.ChangePersonalPicture"/>
</testsuite> <!-- Personal_center.ChangePersonalPicture -->
