<?xml version="1.0" encoding="UTF-8"?>
<!-- Generated by org.testng.reporters.JUnitReportReporter -->
<testsuite hostname="chenziyang" name="Tongbanxiezuo.Join_cooperation" tests="1" failures="0" timestamp="3 Aug 2017 01:22:25 GMT" time="17.703" errors="0">
  <testcase name="join_cooperation" time="17.703" classname="Tongbanxiezuo.Join_cooperation"/>
</testsuite> <!-- Tongbanxiezuo.Join_cooperation -->
