<?xml version="1.0" encoding="UTF-8"?>
<!-- Generated by org.testng.reporters.JUnitReportReporter -->
<testsuite hostname="chenziyang" name="Test.Advice_to_activity" tests="1" failures="0" timestamp="27 Feb 2017 08:54:37 GMT" time="10.714" errors="0">
  <testcase name="test" time="10.714" classname="Test.Advice_to_activity"/>
</testsuite> <!-- Test.Advice_to_activity -->
