<?xml version="1.0" encoding="UTF-8"?>
<!-- Generated by org.testng.reporters.JUnitReportReporter -->
<testsuite hostname="chenziyang" name="Backup_Course.making" tests="1" failures="0" timestamp="14 Mar 2017 09:45:18 GMT" time="8.752" errors="0">
  <testcase name="read" time="8.752" classname="Backup_Course.making"/>
</testsuite> <!-- Backup_Course.making -->
