<?xml version="1.0" encoding="UTF-8"?>
<!-- Generated by org.testng.reporters.JUnitReportReporter -->
<testsuite hostname="chenziyang" name="Activity.n" tests="1" failures="0" timestamp="22 Aug 2017 05:40:16 GMT" time="0.011" errors="0">
  <testcase name="f" time="0.011" classname="Activity.n"/>
</testsuite> <!-- Activity.n -->
