<?xml version="1.0" encoding="UTF-8"?>
<!-- Generated by org.testng.reporters.JUnitReportReporter -->
<testsuite hostname="chenziyang" name="DeleteTesting.KeguantiDeleteTest" tests="1" failures="0" timestamp="3 Aug 2017 01:22:25 GMT" time="13.551" errors="0">
  <testcase name="keguantiDeleteTest" time="13.551" classname="DeleteTesting.KeguantiDeleteTest"/>
</testsuite> <!-- DeleteTesting.KeguantiDeleteTest -->
