<?xml version="1.0" encoding="UTF-8"?>
<!-- Generated by org.testng.reporters.JUnitReportReporter -->
<testsuite hostname="chenziyang" name="diaochawenjuan.Biandiaochawenjuan" tests="1" failures="0" timestamp="4 Aug 2017 01:29:07 GMT" time="6.787" errors="0">
  <testcase name="publish_activity" time="6.787" classname="diaochawenjuan.Biandiaochawenjuan"/>
</testsuite> <!-- diaochawenjuan.Biandiaochawenjuan -->
