<?xml version="1.0" encoding="UTF-8"?>
<!-- Generated by org.testng.reporters.JUnitReportReporter -->
<testsuite hostname="chenziyang" name="live.AilipayLive" tests="1" failures="0" timestamp="5 Jul 2017 03:02:51 GMT" time="8.145" errors="0">
  <testcase name="raimn" time="8.145" classname="live.AilipayLive"/>
</testsuite> <!-- live.AilipayLive -->
