<?xml version="1.0" encoding="UTF-8"?>
<!-- Generated by org.testng.reporters.JUnitReportReporter -->
<testsuite hostname="chenziyang" name="Edit_test.WenzhangEdit" tests="1" failures="0" timestamp="20 Apr 2017 05:25:31 GMT" time="60.333" errors="0">
  <testcase name="wenzhang_delete" time="60.333" classname="Edit_test.WenzhangEdit"/>
</testsuite> <!-- Edit_test.WenzhangEdit -->
