<?xml version="1.0" encoding="UTF-8"?>
<!-- Generated by org.testng.reporters.JUnitReportReporter -->
<testsuite hostname="chenziyang" name="Resources.EditSource" tests="1" failures="0" timestamp="10 Jan 2018 03:00:11 GMT" time="22.597" errors="0">
  <testcase name="uploadSource" time="22.597" classname="Resources.EditSource"/>
</testsuite> <!-- Resources.EditSource -->
