<?xml version="1.0" encoding="UTF-8"?>
<!-- Generated by org.testng.reporters.JUnitReportReporter -->
<testsuite hostname="chenziyang" name="Activity.zhuanjia.Publish_ActivitywithallStep" tests="1" failures="0" timestamp="16 Aug 2017 02:13:26 GMT" time="74.512" errors="0">
  <testcase name="publish_activity" time="74.512" classname="Activity.zhuanjia.Publish_ActivitywithallStep"/>
</testsuite> <!-- Activity.zhuanjia.Publish_ActivitywithallStep -->
