<?xml version="1.0" encoding="UTF-8"?>
<!-- Generated by org.testng.reporters.JUnitReportReporter -->
<testsuite hostname="chenziyang" name="Activity.zhuanjia.To_joinActivity" tests="1" failures="0" timestamp="16 Aug 2017 02:13:26 GMT" time="57.452" errors="0">
  <testcase name="to_joinActivity" time="57.452" classname="Activity.zhuanjia.To_joinActivity"/>
</testsuite> <!-- Activity.zhuanjia.To_joinActivity -->
