<?xml version="1.0" encoding="UTF-8"?>
<!-- Generated by org.testng.reporters.JUnitReportReporter -->
<testsuite hostname="chenziyang" name="Vedio.EditAndDeleteThePublishedVedio" tests="1" failures="0" timestamp="10 Jan 2018 07:42:03 GMT" time="58.320" errors="0">
  <testcase name="upVedio" time="58.320" classname="Vedio.EditAndDeleteThePublishedVedio"/>
</testsuite> <!-- Vedio.EditAndDeleteThePublishedVedio -->
