<?xml version="1.0" encoding="UTF-8"?>
<!-- Generated by org.testng.reporters.JUnitReportReporter -->
<testsuite hostname="chenziyang" name="Activity.Tests" tests="1" failures="0" timestamp="4 Aug 2017 03:28:07 GMT" time="7.013" errors="0">
  <testcase name="raimn" time="7.013" classname="Activity.Tests"/>
</testsuite> <!-- Activity.Tests -->
