<?xml version="1.0" encoding="UTF-8"?>
<!-- Generated by org.testng.reporters.JUnitReportReporter -->
<testsuite hostname="chenziyang" name="DeleteTesting.JiaoLiuDeleteTest" tests="1" failures="0" timestamp="3 Aug 2017 01:22:25 GMT" time="54.023" errors="0">
  <testcase name="jiaoliu_delete" time="54.023" classname="DeleteTesting.JiaoLiuDeleteTest"/>
</testsuite> <!-- DeleteTesting.JiaoLiuDeleteTest -->
