<?xml version="1.0" encoding="UTF-8"?>
<!-- Generated by org.testng.reporters.JUnitReportReporter -->
<testsuite hostname="chenziyang" name="tongjichaxun.Xuanyuan" tests="1" failures="0" timestamp="4 Aug 2017 02:04:19 GMT" time="21.529" errors="0">
  <testcase name="publish_activity" time="21.529" classname="tongjichaxun.Xuanyuan"/>
</testsuite> <!-- tongjichaxun.Xuanyuan -->
