<?xml version="1.0" encoding="UTF-8"?>
<!-- Generated by org.testng.reporters.JUnitReportReporter -->
<testsuite hostname="chenziyang" name="Test.Publish_ActivitywithallStep" tests="1" failures="0" timestamp="27 Feb 2017 08:54:37 GMT" time="50.842" errors="0">
  <testcase name="test" time="50.842" classname="Test.Publish_ActivitywithallStep"/>
</testsuite> <!-- Test.Publish_ActivitywithallStep -->
