<?xml version="1.0" encoding="UTF-8"?>
<!-- Generated by org.testng.reporters.JUnitReportReporter -->
<testsuite hostname="chenziyang" name="DeleteTesting.MokeDeleteTest" tests="1" failures="0" timestamp="3 Aug 2017 01:22:25 GMT" time="18.478" errors="0">
  <testcase name="moke_delete" time="18.478" classname="DeleteTesting.MokeDeleteTest"/>
</testsuite> <!-- DeleteTesting.MokeDeleteTest -->
