<?xml version="1.0" encoding="UTF-8"?>
<!-- Generated by org.testng.reporters.JUnitReportReporter -->
<testsuite hostname="chenziyang" name="NewActivity.MakingHuodong" tests="1" failures="0" timestamp="3 Aug 2017 01:22:25 GMT" time="18.913" errors="0">
  <testcase name="checkHuodongOfStudents" time="18.913" classname="NewActivity.MakingHuodong"/>
</testsuite> <!-- NewActivity.MakingHuodong -->
