<?xml version="1.0" encoding="UTF-8"?>
<!-- Generated by org.testng.reporters.JUnitReportReporter -->
<testsuite hostname="chenziyang" name="task.CheckOverviewofTask" tests="1" failures="0" timestamp="4 Aug 2017 01:43:55 GMT" time="8.345" errors="0">
  <testcase name="making" time="8.345" classname="task.CheckOverviewofTask"/>
</testsuite> <!-- task.CheckOverviewofTask -->
