<?xml version="1.0" encoding="UTF-8"?>
<!-- Generated by org.testng.reporters.JUnitReportReporter -->
<testsuite hostname="chenziyang" name="com.example.tests.Tests" tests="1" failures="0" timestamp="14 Aug 2017 08:05:19 GMT" time="2.912" errors="0">
  <testcase name="raimn" time="2.912" classname="com.example.tests.Tests"/>
</testsuite> <!-- com.example.tests.Tests -->
