<?xml version="1.0" encoding="UTF-8"?>
<!-- Generated by org.testng.reporters.JUnitReportReporter -->
<testsuite hostname="chenziyang" name="Activity.guanliyuan.Advice_to_activity" tests="1" failures="0" timestamp="16 Aug 2017 02:15:45 GMT" time="13.945" errors="0">
  <testcase name="advice_to_activity" time="13.945" classname="Activity.guanliyuan.Advice_to_activity"/>
</testsuite> <!-- Activity.guanliyuan.Advice_to_activity -->
