<?xml version="1.0" encoding="UTF-8"?>
<!-- Generated by org.testng.reporters.JUnitReportReporter -->
<testsuite hostname="chenziyang" name="Mo_course.join_moke" tests="1" failures="0" timestamp="14 Mar 2017 09:45:19 GMT" time="8.819" errors="0">
  <testcase name="addtomoke" time="8.819" classname="Mo_course.join_moke"/>
</testsuite> <!-- Mo_course.join_moke -->
