<?xml version="1.0" encoding="UTF-8"?>
<!-- Generated by org.testng.reporters.JUnitReportReporter -->
<testsuite hostname="chenziyang" name="DeleteTesting.ZuoyeDeleteTest" tests="1" failures="0" timestamp="3 Aug 2017 01:22:25 GMT" time="39.118" errors="0">
  <testcase name="zuoye_delete" time="39.118" classname="DeleteTesting.ZuoyeDeleteTest"/>
</testsuite> <!-- DeleteTesting.ZuoyeDeleteTest -->
