<?xml version="1.0" encoding="UTF-8"?>
<!-- Generated by org.testng.reporters.JUnitReportReporter -->
<testsuite hostname="chenziyang" name="NewActivity.JoinActivity" tests="1" failures="0" timestamp="3 Aug 2017 01:22:25 GMT" time="25.221" errors="0">
  <testcase name="studuentakePartActivity" time="25.221" classname="NewActivity.JoinActivity"/>
</testsuite> <!-- NewActivity.JoinActivity -->
