<?xml version="1.0" encoding="UTF-8"?>
<!-- Generated by org.testng.reporters.JUnitReportReporter -->
<testsuite hostname="chenziyang" name="Vedio.EditThePublishedVedio" tests="1" failures="0" timestamp="10 Jan 2018 02:27:55 GMT" time="25.517" errors="0">
  <testcase name="upVedio" time="25.517" classname="Vedio.EditThePublishedVedio"/>
</testsuite> <!-- Vedio.EditThePublishedVedio -->
