<?xml version="1.0" encoding="UTF-8"?>
<!-- Generated by org.testng.reporters.JUnitReportReporter -->
<testsuite hostname="chenziyang" name="task.Submit_Task2" tests="1" failures="0" timestamp="23 Aug 2017 01:34:04 GMT" time="21.922" errors="0">
  <testcase name="submit_Task" time="21.922" classname="task.Submit_Task2"/>
</testsuite> <!-- task.Submit_Task2 -->
