<?xml version="1.0" encoding="UTF-8"?>
<!-- Generated by org.testng.reporters.JUnitReportReporter -->
<testsuite hostname="chenziyang" name="DeleteTesting.DiaochawenjuanDeleteTest" tests="1" failures="0" timestamp="3 Aug 2017 01:22:25 GMT" time="20.744" errors="0">
  <testcase name="diaochawenjuan_delete" time="20.744" classname="DeleteTesting.DiaochawenjuanDeleteTest"/>
</testsuite> <!-- DeleteTesting.DiaochawenjuanDeleteTest -->
