<?xml version="1.0" encoding="UTF-8"?>
<!-- Generated by org.testng.reporters.JUnitReportReporter -->
<testsuite hostname="chenziyang" name="DeleteTesting.TongbanxiezuoDeleteTest" tests="1" failures="0" timestamp="3 Aug 2017 01:22:25 GMT" time="12.394" errors="0">
  <testcase name="xiezuo_delete" time="12.394" classname="DeleteTesting.TongbanxiezuoDeleteTest"/>
</testsuite> <!-- DeleteTesting.TongbanxiezuoDeleteTest -->
