<?xml version="1.0" encoding="UTF-8"?>
<!-- Generated by org.testng.reporters.JUnitReportReporter -->
<testsuite hostname="chenziyang" name="Documentation_and_exchange.SentDoc" tests="1" failures="0" timestamp="14 Mar 2017 09:45:18 GMT" time="19.908" errors="0">
  <testcase name="sent_doc" time="19.908" classname="Documentation_and_exchange.SentDoc"/>
</testsuite> <!-- Documentation_and_exchange.SentDoc -->
