<?xml version="1.0" encoding="UTF-8"?>
<!-- Generated by org.testng.reporters.JUnitReportReporter -->
<testsuite hostname="chenziyang" name="NewActivity.ChengGuoZhanSi" tests="1" failures="0" timestamp="3 Aug 2017 01:22:25 GMT" time="78.786" errors="0">
  <testcase name="publishHuodong" time="78.786" classname="NewActivity.ChengGuoZhanSi"/>
</testsuite> <!-- NewActivity.ChengGuoZhanSi -->
