<?xml version="1.0" encoding="UTF-8"?>
<!-- Generated by org.testng.reporters.JUnitReportReporter -->
<testsuite hostname="chenziyang" name="task.Making" tests="1" failures="0" timestamp="14 Mar 2017 09:45:18 GMT" time="11.992" errors="0">
  <testcase name="making" time="11.992" classname="task.Making"/>
</testsuite> <!-- task.Making -->
