<?xml version="1.0" encoding="UTF-8"?>
<!-- Generated by org.testng.reporters.JUnitReportReporter -->
<testsuite hostname="chenziyang" name="Test.To_joinActivity" tests="1" failures="0" timestamp="27 Feb 2017 08:54:37 GMT" time="46.680" errors="0">
  <testcase name="test" time="46.680" classname="Test.To_joinActivity"/>
</testsuite> <!-- Test.To_joinActivity -->
