<?xml version="1.0" encoding="UTF-8"?>
<!-- Generated by org.testng.reporters.JUnitReportReporter -->
<testsuite hostname="chenziyang" name="Documentation_and_exchange.exchange_comments" tests="1" failures="0" timestamp="3 Aug 2017 01:34:04 GMT" time="52.097" errors="0">
  <testcase name="exchangeComments" time="52.097" classname="Documentation_and_exchange.exchange_comments"/>
</testsuite> <!-- Documentation_and_exchange.exchange_comments -->
