<?xml version="1.0" encoding="UTF-8"?>
<!-- Generated by org.testng.reporters.JUnitReportReporter -->
<testsuite hostname="chenziyang" name="task.NewTest" tests="1" failures="0" timestamp="1 Mar 2017 09:24:49 GMT" time="20.313" errors="0">
  <testcase name="f" time="20.313" classname="task.NewTest"/>
</testsuite> <!-- task.NewTest -->
