<?xml version="1.0" encoding="UTF-8"?>
<!-- Generated by org.testng.reporters.JUnitReportReporter -->
<testsuite hostname="chenziyang" name="com.example.tests.SentDoc" tests="1" failures="0" timestamp="6 Mar 2017 07:49:32 GMT" time="33.397" errors="0">
  <testcase name="test" time="33.397" classname="com.example.tests.SentDoc"/>
</testsuite> <!-- com.example.tests.SentDoc -->
