<?xml version="1.0" encoding="UTF-8"?>
<!-- Generated by org.testng.reporters.JUnitReportReporter -->
<testsuite hostname="chenziyang" name="Documentation_and_exchange.Sent_Exchange" tests="1" failures="0" timestamp="14 Mar 2017 09:45:19 GMT" time="12.764" errors="0">
  <testcase name="sent_exchange" time="12.764" classname="Documentation_and_exchange.Sent_Exchange"/>
</testsuite> <!-- Documentation_and_exchange.Sent_Exchange -->
