<?xml version="1.0" encoding="UTF-8"?>
<!-- Generated by org.testng.reporters.JUnitReportReporter -->
<testsuite hostname="chenziyang" name="Activity.guanliyuan.To_joinActivity" tests="1" failures="0" timestamp="16 Aug 2017 02:15:45 GMT" time="39.010" errors="0">
  <testcase name="to_joinActivity" time="39.010" classname="Activity.guanliyuan.To_joinActivity"/>
</testsuite> <!-- Activity.guanliyuan.To_joinActivity -->
