<?xml version="1.0" encoding="UTF-8"?>
<!-- Generated by org.testng.reporters.JUnitReportReporter -->
<testsuite hostname="chenziyang" name="task.Publish_Task" tests="1" failures="0" timestamp="14 Mar 2017 09:45:19 GMT" time="23.649" errors="0">
  <testcase name="publish_Task" time="23.649" classname="task.Publish_Task"/>
</testsuite> <!-- task.Publish_Task -->
