<?xml version="1.0" encoding="UTF-8"?>
<!-- Generated by org.testng.reporters.JUnitReportReporter -->
<testsuite hostname="chenziyang" name="Backup_Course.Join_bCourse" tests="1" failures="0" timestamp="14 Mar 2017 09:45:19 GMT" time="14.446" errors="0">
  <testcase name="join_bCourse" time="14.446" classname="Backup_Course.Join_bCourse"/>
</testsuite> <!-- Backup_Course.Join_bCourse -->
