<?xml version="1.0" encoding="UTF-8"?>
<!-- Generated by org.testng.reporters.JUnitReportReporter -->
<testsuite hostname="chenziyang" name="AllexitActivity.jitibeike" tests="1" failures="0" timestamp="9 Aug 2017 02:06:27 GMT" time="113.081" errors="0">
  <testcase name="publish_activity" time="113.081" classname="AllexitActivity.jitibeike"/>
</testsuite> <!-- AllexitActivity.jitibeike -->
