<?xml version="1.0" encoding="UTF-8"?>
<!-- Generated by org.testng.reporters.JUnitReportReporter -->
<testsuite hostname="chenziyang" name="Activity.To_joinActivity" tests="1" failures="0" timestamp="14 Mar 2017 09:45:19 GMT" time="33.984" errors="0">
  <testcase name="to_joinActivity" time="33.984" classname="Activity.To_joinActivity"/>
</testsuite> <!-- Activity.To_joinActivity -->
