<?xml version="1.0" encoding="UTF-8"?>
<!-- Generated by org.testng.reporters.JUnitReportReporter -->
<testsuite hostname="chenziyang" name="DeleteTesting.WenzhangDeleteTest" tests="1" failures="0" timestamp="3 Aug 2017 01:22:25 GMT" time="72.421" errors="0">
  <testcase name="wenzhang_delete" time="72.421" classname="DeleteTesting.WenzhangDeleteTest"/>
</testsuite> <!-- DeleteTesting.WenzhangDeleteTest -->
