<?xml version="1.0" encoding="UTF-8"?>
<!-- Generated by org.testng.reporters.JUnitReportReporter -->
<testsuite hostname="chenziyang" name="Cooperation.Join_cooperation" tests="2" failures="0" timestamp="21 Mar 2017 02:23:17 GMT" time="0.000" errors="0">
  <testcase name="f" time="0.000" classname="Cooperation.Join_cooperation"/>
  <testcase name="f" time="0.000" classname="Cooperation.Join_cooperation"/>
</testsuite> <!-- Cooperation.Join_cooperation -->
