<?xml version="1.0" encoding="UTF-8"?>
<!-- Generated by org.testng.reporters.JUnitReportReporter -->
<testsuite hostname="chenziyang" name="Backup_Course.publish_bcourse" tests="1" failures="0" timestamp="14 Mar 2017 09:45:19 GMT" time="12.227" errors="0">
  <testcase name="read_beker" time="12.227" classname="Backup_Course.publish_bcourse"/>
</testsuite> <!-- Backup_Course.publish_bcourse -->
