<?xml version="1.0" encoding="UTF-8"?>
<!-- Generated by org.testng.reporters.JUnitReportReporter -->
<testsuite hostname="chenziyang" name="com.example.tests.test" tests="1" failures="0" timestamp="6 Jul 2017 08:28:16 GMT" time="0.016" errors="0">
  <testcase name="raimn" time="0.016" classname="com.example.tests.test"/>
</testsuite> <!-- com.example.tests.test -->
