<?xml version="1.0" encoding="UTF-8"?>
<!-- Generated by org.testng.reporters.JUnitReportReporter -->
<testsuite hostname="chenziyang" name="Activity.ActivityDeleteTest" tests="1" failures="0" timestamp="28 Mar 2017 08:13:23 GMT" time="12.337" errors="0">
  <testcase name="activity_delete" time="12.337" classname="Activity.ActivityDeleteTest"/>
</testsuite> <!-- Activity.ActivityDeleteTest -->
