<?xml version="1.0" encoding="UTF-8"?>
<!-- Generated by org.testng.reporters.JUnitReportReporter -->
<testsuite hostname="chenziyang" name="DeleteTesting.HuodongDeleteTest" tests="1" failures="0" timestamp="3 Aug 2017 01:22:25 GMT" time="27.122" errors="0">
  <testcase name="huodong_delete" time="27.122" classname="DeleteTesting.HuodongDeleteTest"/>
</testsuite> <!-- DeleteTesting.HuodongDeleteTest -->
