<?xml version="1.0" encoding="UTF-8"?>
<!-- Generated by org.testng.reporters.JUnitReportReporter -->
<testsuite hostname="chenziyang" name="Activity.Publish_ActivitywithallStep" tests="1" failures="0" timestamp="14 Mar 2017 09:45:19 GMT" time="58.820" errors="0">
  <testcase name="publish_activity" time="58.820" classname="Activity.Publish_ActivitywithallStep"/>
</testsuite> <!-- Activity.Publish_ActivitywithallStep -->
