<?xml version="1.0" encoding="UTF-8"?>
<!-- Generated by org.testng.reporters.JUnitReportReporter -->
<testsuite hostname="chenziyang" name="Resources.UploadSource" tests="1" failures="0" timestamp="10 Jan 2018 07:42:03 GMT" time="49.912" errors="0">
  <testcase name="uploadSource" time="49.912" classname="Resources.UploadSource"/>
</testsuite> <!-- Resources.UploadSource -->
