<?xml version="1.0" encoding="UTF-8"?>
<!-- Generated by org.testng.reporters.JUnitReportReporter -->
<testsuite hostname="chenziyang" name="HomePage.EveryRole_HomePage" tests="3" failures="0" timestamp="7 Aug 2017 01:10:55 GMT" time="152.271" errors="0">
  <testcase name="raimn" time="51.594" classname="HomePage.EveryRole_HomePage"/>
  <testcase name="raimn" time="48.749" classname="HomePage.EveryRole_HomePage"/>
  <testcase name="raimn" time="51.928" classname="HomePage.EveryRole_HomePage"/>
</testsuite> <!-- HomePage.EveryRole_HomePage -->
