<?xml version="1.0" encoding="UTF-8"?>
<!-- Generated by org.testng.reporters.JUnitReportReporter -->
<testsuite hostname="chenziyang" name="tongjichaxun.Fudaolaoshi" tests="1" failures="0" timestamp="4 Aug 2017 02:04:19 GMT" time="39.937" errors="0">
  <testcase name="publish_activity" time="39.937" classname="tongjichaxun.Fudaolaoshi"/>
</testsuite> <!-- tongjichaxun.Fudaolaoshi -->
