<?xml version="1.0" encoding="UTF-8"?>
<!-- Generated by org.testng.reporters.JUnitReportReporter -->
<testsuite hostname="chenziyang" name="Personal_center.Gerenzhongxin" tests="1" failures="0" timestamp="11 Jan 2018 07:06:15 GMT" time="135.357" errors="0">
  <testcase name="laoshu17" time="135.357" classname="Personal_center.Gerenzhongxin"/>
</testsuite> <!-- Personal_center.Gerenzhongxin -->
