<?xml version="1.0" encoding="UTF-8"?>
<!-- Generated by org.testng.reporters.JUnitReportReporter -->
<testsuite hostname="chenziyang" name="task.ReciveWarn" tests="1" failures="0" timestamp="4 Aug 2017 01:43:55 GMT" time="7.148" errors="0">
  <testcase name="submit_Task" time="7.148" classname="task.ReciveWarn"/>
</testsuite> <!-- task.ReciveWarn -->
