<?xml version="1.0" encoding="UTF-8"?>
<!-- Generated by org.testng.reporters.JUnitReportReporter -->
<testsuite hostname="chenziyang" name="Activity.guanliyuan.Publish_ActivitywithallStep" tests="1" failures="0" timestamp="16 Aug 2017 02:15:45 GMT" time="66.606" errors="0">
  <testcase name="publish_activity" time="66.606" classname="Activity.guanliyuan.Publish_ActivitywithallStep"/>
</testsuite> <!-- Activity.guanliyuan.Publish_ActivitywithallStep -->
