<?xml version="1.0" encoding="UTF-8"?>
<!-- Generated by org.testng.reporters.JUnitReportReporter -->
<testsuite hostname="chenziyang" name="Activity.CopyOfPublish_ActivitywithallStep" tests="1" failures="0" timestamp="19 Jun 2017 05:54:07 GMT" time="31.571" errors="0">
  <testcase name="publish_activity" time="31.571" classname="Activity.CopyOfPublish_ActivitywithallStep"/>
</testsuite> <!-- Activity.CopyOfPublish_ActivitywithallStep -->
